#
# A fatal error has been detected by the Java Runtime Environment:
#
#  EXCEPTION_UNCAUGHT_CXX_EXCEPTION (0xe06d7363) at pc=0x00007ffcb9ee3c58, pid=5336, tid=6176
#
# JRE version: Java(TM) SE Runtime Environment (7.0_80-b15) (build 1.7.0_80-b15)
# Java VM: Java HotSpot(TM) 64-Bit Server VM (24.80-b11 mixed mode windows-amd64 compressed oops)
# Problematic frame:
# C  [KERNELBASE.dll+0x33c58]
#
# Failed to write core dump. Minidumps are not enabled by default on client versions of Windows
#
# If you would like to submit a bug report, please visit:
#   http://bugreport.java.com/bugreport/crash.jsp
# The crash happened outside the Java Virtual Machine in native code.
# See problematic frame for where to report the bug.
#

---------------  T H R E A D  ---------------

Current thread (0x00000000025fd800):  JavaThread "main" [_thread_in_native, id=6176, stack(0x00000000024d0000,0x00000000025d0000)]

siginfo: ExceptionCode=0xe06d7363, ExceptionInformation=0x0000000019930520 0x00000000025cd1b0 0x00000000fd90c880 0x00000000fd610000 

Registers:
RAX=0x00000000025ccdf0, RBX=0x00000000fd90c880, RCX=0x00000000fd826e50, RDX=0x00007ffcaabb6a57
RSP=0x00000000025cd040, RBP=0x00000000025cd180, RSI=0x00000000025cd4a0, RDI=0x00000000025cd1b0
R8 =0x00007ffcaabb6967, R9 =0x0000000000000030, R10=0x00000000025ccdf0, R11=0x0000000800000000
R12=0x0000000000000000, R13=0x00000000025cde10, R14=0x00000000025cd940, R15=0x00000000025cd888
RIP=0x00007ffcb9ee3c58, EFLAGS=0x0000000000000202

Top of Stack: (sp=0x00000000025cd040)
0x00000000025cd040:   0000000800000258 00000000fd90c880
0x00000000025cd050:   00000000025cd4a0 00000000025cd1b0
0x00000000025cd060:   00000001e06d7363 0000000000000000
0x00000000025cd070:   00007ffcb9ee3c58 0000000000000004
0x00000000025cd080:   0000000019930520 00000000025cd1b0
0x00000000025cd090:   00000000fd90c880 00000000fd610000
0x00000000025cd0a0:   00000000025cde10 0000000000000000
0x00000000025cd0b0:   00000000025cd1b0 00000000025cd4a0
0x00000000025cd0c0:   00000000025cd180 00007ffcbdb0267f
0x00000000025cd0d0:   00000000025cd190 0000000000000000
0x00000000025cd0e0:   00000000025cd1e0 00007ffcaabad2b9
0x00000000025cd0f0:   00000000fdaf3000 00000000fd610000
0x00000000025cd100:   00005fcd74068bf0 0000000018a83cd0
0x00000000025cd110:   00000000fd90c880 00007ffcaabaef63
0x00000000025cd120:   00000000025cd1e0 000000083beb4720
0x00000000025cd130:   fffffffffffffffe 00000000025cd338 

Instructions: (pc=0x00007ffcb9ee3c58)
0x00007ffcb9ee3c38:   49 8b d1 44 0f 47 c0 44 89 44 24 38 49 c1 e0 03
0x00007ffcb9ee3c48:   e8 07 91 04 00 48 8d 4c 24 20 ff 15 a0 45 11 00
0x00007ffcb9ee3c58:   48 8b 8c 24 c0 00 00 00 48 33 cc e8 98 56 04 00
0x00007ffcb9ee3c68:   48 81 c4 d8 00 00 00 c3 83 64 24 38 00 eb d6 cc 


Register to memory mapping:

RAX=0x00000000025ccdf0 is pointing into the stack for thread: 0x00000000025fd800
RBX=0x00000000fd90c880 is an unknown value
RCX=0x00000000fd826e50 is an unknown value
RDX=0x00007ffcaabb6a57 is an unknown value
RSP=0x00000000025cd040 is pointing into the stack for thread: 0x00000000025fd800
RBP=0x00000000025cd180 is pointing into the stack for thread: 0x00000000025fd800
RSI=0x00000000025cd4a0 is pointing into the stack for thread: 0x00000000025fd800
RDI=0x00000000025cd1b0 is pointing into the stack for thread: 0x00000000025fd800
R8 =0x00007ffcaabb6967 is an unknown value
R9 =0x0000000000000030 is an unknown value
R10=0x00000000025ccdf0 is pointing into the stack for thread: 0x00000000025fd800
R11=0x0000000800000000 is an unknown value
R12=0x0000000000000000 is an unknown value
R13=0x00000000025cde10 is pointing into the stack for thread: 0x00000000025fd800
R14=0x00000000025cd940 is pointing into the stack for thread: 0x00000000025fd800
R15=0x00000000025cd888 is pointing into the stack for thread: 0x00000000025fd800


Stack: [0x00000000024d0000,0x00000000025d0000],  sp=0x00000000025cd040,  free space=1012k
Native frames: (J=compiled Java code, j=interpreted, Vv=VM code, C=native code)
C  [KERNELBASE.dll+0x33c58]

Java frames: (J=compiled Java code, j=interpreted, Vv=VM code)
j  com.mathworks.toolbox.javabuilder.internal.MWMCR.mclInitializeComponentInstance(ZLjava/lang/String;Ljava/lang/String;Ljava/lang/String;Ljava/io/InputStream;ILjava/util/concurrent/Callable;Ljava/util/concurrent/Callable;)Lcom/mathworks/toolbox/javabuilder/internal/NativePtr;+0
j  com.mathworks.toolbox.javabuilder.internal.MWMCR.access$700(ZLjava/lang/String;Ljava/lang/String;Ljava/lang/String;Ljava/io/InputStream;ILjava/util/concurrent/Callable;Ljava/util/concurrent/Callable;)Lcom/mathworks/toolbox/javabuilder/internal/NativePtr;+12
j  com.mathworks.toolbox.javabuilder.internal.MWMCR$6.mclInitializeComponentInstance(ZLjava/lang/String;Ljava/lang/String;Ljava/lang/String;Ljava/io/InputStream;ILjava/util/concurrent/Callable;Ljava/util/concurrent/Callable;)Lcom/mathworks/toolbox/javabuilder/internal/NativePtr;+13
j  sun.reflect.GeneratedMethodAccessor5.invoke(Ljava/lang/Object;[Ljava/lang/Object;)Ljava/lang/Object;+193
J 276 C2 sun.reflect.DelegatingMethodAccessorImpl.invoke(Ljava/lang/Object;[Ljava/lang/Object;)Ljava/lang/Object; (10 bytes) @ 0x0000000002af4900 [0x0000000002af4820+0xe0]
j  java.lang.reflect.Method.invoke(Ljava/lang/Object;[Ljava/lang/Object;)Ljava/lang/Object;+57
j  com.mathworks.toolbox.javabuilder.internal.MWMCR$5.invoke(Ljava/lang/Object;Ljava/lang/reflect/Method;[Ljava/lang/Object;)Ljava/lang/Object;+8
j  com.sun.proxy.$Proxy0.mclInitializeComponentInstance(ZLjava/lang/String;Ljava/lang/String;Ljava/lang/String;Ljava/io/InputStream;ILjava/util/concurrent/Callable;Ljava/util/concurrent/Callable;)Lcom/mathworks/toolbox/javabuilder/internal/NativePtr;+58
j  com.mathworks.toolbox.javabuilder.internal.MWMCR.newInstance(Lcom/mathworks/toolbox/javabuilder/MWComponentOptions;Ljava/lang/Class;Ljava/lang/String;Ljava/lang/String;[I)Lcom/mathworks/toolbox/javabuilder/internal/MWMCR;+682
j  IGRF.IGRFMCRFactory.newInstance(Lcom/mathworks/toolbox/javabuilder/MWComponentOptions;)Lcom/mathworks/toolbox/javabuilder/internal/MWMCR;+51
j  IGRF.IGRFMCRFactory.newInstance()Lcom/mathworks/toolbox/javabuilder/internal/MWMCR;+3
j  IGRF.Igrf.<init>()V+1
j  transLB.LCalculate.<init>(DFFFLjava/lang/String;)V+271
j  transLB.LCalculate.main([Ljava/lang/String;)V+16
v  ~StubRoutines::call_stub

---------------  P R O C E S S  ---------------

Java Threads: ( => current thread )
  0x000000001f0ea800 JavaThread "EventMgr Dispatcher" daemon [_thread_in_native, id=8972, stack(0x000000001f9a0000,0x000000001faa0000)]
  0x00000000113b4000 JavaThread "MATLAB Compiler Runtime" daemon [_thread_in_native, id=9004, stack(0x0000000019c80000,0x000000001a480000)]
  0x0000000011534800 JavaThread "AWT-Windows" daemon [_thread_in_native, id=4812, stack(0x00000000192e0000,0x00000000193e0000)]
  0x00000000113b3000 JavaThread "Java2D Disposer" daemon [_thread_blocked, id=5260, stack(0x0000000018bb0000,0x0000000018cb0000)]
  0x000000000f87e800 JavaThread "Service Thread" daemon [_thread_blocked, id=8284, stack(0x0000000010fe0000,0x00000000110e0000)]
  0x000000000f87c000 JavaThread "C2 CompilerThread1" daemon [_thread_blocked, id=7236, stack(0x0000000010ee0000,0x0000000010fe0000)]
  0x000000000f86e800 JavaThread "C2 CompilerThread0" daemon [_thread_blocked, id=4316, stack(0x0000000010de0000,0x0000000010ee0000)]
  0x000000000f86d800 JavaThread "Attach Listener" daemon [_thread_blocked, id=7304, stack(0x0000000010ce0000,0x0000000010de0000)]
  0x000000000f86c800 JavaThread "Signal Dispatcher" daemon [_thread_blocked, id=9092, stack(0x0000000010be0000,0x0000000010ce0000)]
  0x000000000f81e800 JavaThread "Finalizer" daemon [_thread_blocked, id=5332, stack(0x0000000010ae0000,0x0000000010be0000)]
  0x000000000f815800 JavaThread "Reference Handler" daemon [_thread_blocked, id=7484, stack(0x00000000109e0000,0x0000000010ae0000)]
=>0x00000000025fd800 JavaThread "main" [_thread_in_native, id=6176, stack(0x00000000024d0000,0x00000000025d0000)]

Other Threads:
  0x000000000f811800 VMThread [stack: 0x00000000108e0000,0x00000000109e0000] [id=7608]
  0x000000000f88f000 WatcherThread [stack: 0x00000000110e0000,0x00000000111e0000] [id=3140]

VM state:not at safepoint (normal execution)

VM Mutex/Monitor currently owned by a thread: None

Heap
 PSYoungGen      total 31744K, used 17187K [0x00000007ab300000, 0x00000007ad300000, 0x0000000800000000)
  eden space 31232K, 54% used [0x00000007ab300000,0x00000007ac3b0cb8,0x00000007ad180000)
  from space 512K, 18% used [0x00000007ad280000,0x00000007ad298000,0x00000007ad300000)
  to   space 512K, 0% used [0x00000007ad200000,0x00000007ad200000,0x00000007ad280000)
 ParOldGen       total 173568K, used 69177K [0x0000000701a00000, 0x000000070c380000, 0x00000007ab300000)
  object space 173568K, 39% used [0x0000000701a00000,0x0000000705d8e720,0x000000070c380000)
 PSPermGen       total 21504K, used 11471K [0x00000006fc800000, 0x00000006fdd00000, 0x0000000701a00000)
  object space 21504K, 53% used [0x00000006fc800000,0x00000006fd333db0,0x00000006fdd00000)

Card table byte_map: [0x0000000005b20000,0x0000000006340000] byte_map_base: 0x000000000233c000

Polling page: 0x0000000000c40000

Code Cache  [0x0000000002a60000, 0x0000000002cd0000, 0x0000000005a60000)
 total_blobs=701 nmethods=250 adapters=403 free_code_cache=48074Kb largest_free_block=49161472

Compilation events (10 events):
Event: 1175.245 Thread 0x000000000f87c000  280   !         sun.misc.FloatingDecimal::readJavaFormatString (856 bytes)
Event: 1175.258 Thread 0x000000000f87c000 nmethod 280 0x0000000002b02a10 code [0x0000000002b02ba0, 0x0000000002b032a8]
Event: 1367.119 Thread 0x000000000f86e800  281             java.util.Hashtable::rehash (168 bytes)
Event: 1367.126 Thread 0x000000000f86e800 nmethod 281 0x0000000002b02390 code [0x0000000002b02500, 0x0000000002b02828]
Event: 1552.933 Thread 0x000000000f87c000  282             com.mathworks.toolbox.javabuilder.MWClassID::valueOf (38 bytes)
Event: 1552.935 Thread 0x000000000f87c000 nmethod 282 0x0000000002b02010 code [0x0000000002b02140, 0x0000000002b02238]
Event: 1678.138 Thread 0x000000000f86e800  283             java.lang.Class::copyConstructors (38 bytes)
Event: 1678.142 Thread 0x000000000f86e800 nmethod 283 0x0000000002b289d0 code [0x0000000002b28b20, 0x0000000002b28d68]
Event: 1681.162 Thread 0x000000000f87c000  284             com.mathworks.jmi.OpaqueJavaInterface::getFieldNames (180 bytes)
Event: 1681.195 Thread 0x000000000f87c000 nmethod 284 0x0000000002b74b10 code [0x0000000002b74d60, 0x0000000002b75fa0]

GC Heap History (10 events):
Event: 1739.875 GC heap before
{Heap before GC invocations=958 (full 0):
 PSYoungGen      total 31744K, used 31328K [0x00000007ab300000, 0x00000007ad300000, 0x0000000800000000)
  eden space 31232K, 100% used [0x00000007ab300000,0x00000007ad180000,0x00000007ad180000)
  from space 512K, 18% used [0x00000007ad200000,0x00000007ad218000,0x00000007ad280000)
  to   space 512K, 0% used [0x00000007ad280000,0x00000007ad280000,0x00000007ad300000)
 ParOldGen       total 173568K, used 68807K [0x0000000701a00000, 0x000000070c380000, 0x00000007ab300000)
  object space 173568K, 39% used [0x0000000701a00000,0x0000000705d31f00,0x000000070c380000)
 PSPermGen       total 21504K, used 11471K [0x00000006fc800000, 0x00000006fdd00000, 0x0000000701a00000)
  object space 21504K, 53% used [0x00000006fc800000,0x00000006fd333db0,0x00000006fdd00000)
Event: 1739.878 GC heap after
Heap after GC invocations=958 (full 0):
 PSYoungGen      total 31744K, used 120K [0x00000007ab300000, 0x00000007ad300000, 0x0000000800000000)
  eden space 31232K, 0% used [0x00000007ab300000,0x00000007ab300000,0x00000007ad180000)
  from space 512K, 23% used [0x00000007ad280000,0x00000007ad29e1a0,0x00000007ad300000)
  to   space 512K, 0% used [0x00000007ad200000,0x00000007ad200000,0x00000007ad280000)
 ParOldGen       total 173568K, used 68815K [0x0000000701a00000, 0x000000070c380000, 0x00000007ab300000)
  object space 173568K, 39% used [0x0000000701a00000,0x0000000705d33f00,0x000000070c380000)
 PSPermGen       total 21504K, used 11471K [0x00000006fc800000, 0x00000006fdd00000, 0x0000000701a00000)
  object space 21504K, 53% used [0x00000006fc800000,0x00000006fd333db0,0x00000006fdd00000)
}
Event: 1740.261 GC heap before
{Heap before GC invocations=959 (full 0):
 PSYoungGen      total 31744K, used 31352K [0x00000007ab300000, 0x00000007ad300000, 0x0000000800000000)
  eden space 31232K, 100% used [0x00000007ab300000,0x00000007ad180000,0x00000007ad180000)
  from space 512K, 23% used [0x00000007ad280000,0x00000007ad29e1a0,0x00000007ad300000)
  to   space 512K, 0% used [0x00000007ad200000,0x00000007ad200000,0x00000007ad280000)
 ParOldGen       total 173568K, used 68815K [0x0000000701a00000, 0x000000070c380000, 0x00000007ab300000)
  object space 173568K, 39% used [0x0000000701a00000,0x0000000705d33f00,0x000000070c380000)
 PSPermGen       total 21504K, used 11471K [0x00000006fc800000, 0x00000006fdd00000, 0x0000000701a00000)
  object space 21504K, 53% used [0x00000006fc800000,0x00000006fd333db0,0x00000006fdd00000)
Event: 1740.262 GC heap after
Heap after GC invocations=959 (full 0):
 PSYoungGen      total 31744K, used 64K [0x00000007ab300000, 0x00000007ad300000, 0x0000000800000000)
  eden space 31232K, 0% used [0x00000007ab300000,0x00000007ab300000,0x00000007ad180000)
  from space 512K, 12% used [0x00000007ad200000,0x00000007ad210000,0x00000007ad280000)
  to   space 512K, 0% used [0x00000007ad280000,0x00000007ad280000,0x00000007ad300000)
 ParOldGen       total 173568K, used 68952K [0x0000000701a00000, 0x000000070c380000, 0x00000007ab300000)
  object space 173568K, 39% used [0x0000000701a00000,0x0000000705d56240,0x000000070c380000)
 PSPermGen       total 21504K, used 11471K [0x00000006fc800000, 0x00000006fdd00000, 0x0000000701a00000)
  object space 21504K, 53% used [0x00000006fc800000,0x00000006fd333db0,0x00000006fdd00000)
}
Event: 1743.102 GC heap before
{Heap before GC invocations=960 (full 0):
 PSYoungGen      total 31744K, used 31296K [0x00000007ab300000, 0x00000007ad300000, 0x0000000800000000)
  eden space 31232K, 100% used [0x00000007ab300000,0x00000007ad180000,0x00000007ad180000)
  from space 512K, 12% used [0x00000007ad200000,0x00000007ad210000,0x00000007ad280000)
  to   space 512K, 0% used [0x00000007ad280000,0x00000007ad280000,0x00000007ad300000)
 ParOldGen       total 173568K, used 68952K [0x0000000701a00000, 0x000000070c380000, 0x00000007ab300000)
  object space 173568K, 39% used [0x0000000701a00000,0x0000000705d56240,0x000000070c380000)
 PSPermGen       total 21504K, used 11471K [0x00000006fc800000, 0x00000006fdd00000, 0x0000000701a00000)
  object space 21504K, 53% used [0x00000006fc800000,0x00000006fd333db0,0x00000006fdd00000)
Event: 1743.105 GC heap after
Heap after GC invocations=960 (full 0):
 PSYoungGen      total 31744K, used 120K [0x00000007ab300000, 0x00000007ad300000, 0x0000000800000000)
  eden space 31232K, 0% used [0x00000007ab300000,0x00000007ab300000,0x00000007ad180000)
  from space 512K, 23% used [0x00000007ad280000,0x00000007ad29e1a0,0x00000007ad300000)
  to   space 512K, 0% used [0x00000007ad200000,0x00000007ad200000,0x00000007ad280000)
 ParOldGen       total 173568K, used 68960K [0x0000000701a00000, 0x000000070c380000, 0x00000007ab300000)
  object space 173568K, 39% used [0x0000000701a00000,0x0000000705d58240,0x000000070c380000)
 PSPermGen       total 21504K, used 11471K [0x00000006fc800000, 0x00000006fdd00000, 0x0000000701a00000)
  object space 21504K, 53% used [0x00000006fc800000,0x00000006fd333db0,0x00000006fdd00000)
}
Event: 1746.221 GC heap before
{Heap before GC invocations=961 (full 0):
 PSYoungGen      total 31744K, used 31352K [0x00000007ab300000, 0x00000007ad300000, 0x0000000800000000)
  eden space 31232K, 100% used [0x00000007ab300000,0x00000007ad180000,0x00000007ad180000)
  from space 512K, 23% used [0x00000007ad280000,0x00000007ad29e1a0,0x00000007ad300000)
  to   space 512K, 0% used [0x00000007ad200000,0x00000007ad200000,0x00000007ad280000)
 ParOldGen       total 173568K, used 68960K [0x0000000701a00000, 0x000000070c380000, 0x00000007ab300000)
  object space 173568K, 39% used [0x0000000701a00000,0x0000000705d58240,0x000000070c380000)
 PSPermGen       total 21504K, used 11471K [0x00000006fc800000, 0x00000006fdd00000, 0x0000000701a00000)
  object space 21504K, 53% used [0x00000006fc800000,0x00000006fd333db0,0x00000006fdd00000)
Event: 1746.223 GC heap after
Heap after GC invocations=961 (full 0):
 PSYoungGen      total 31744K, used 208K [0x00000007ab300000, 0x00000007ad300000, 0x0000000800000000)
  eden space 31232K, 0% used [0x00000007ab300000,0x00000007ab300000,0x00000007ad180000)
  from space 512K, 40% used [0x00000007ad200000,0x00000007ad234340,0x00000007ad280000)
  to   space 512K, 0% used [0x00000007ad280000,0x00000007ad280000,0x00000007ad300000)
 ParOldGen       total 173568K, used 69040K [0x0000000701a00000, 0x000000070c380000, 0x00000007ab300000)
  object space 173568K, 39% used [0x0000000701a00000,0x0000000705d6c3e0,0x000000070c380000)
 PSPermGen       total 21504K, used 11471K [0x00000006fc800000, 0x00000006fdd00000, 0x0000000701a00000)
  object space 21504K, 53% used [0x00000006fc800000,0x00000006fd333db0,0x00000006fdd00000)
}
Event: 1746.586 GC heap before
{Heap before GC invocations=962 (full 0):
 PSYoungGen      total 31744K, used 31440K [0x00000007ab300000, 0x00000007ad300000, 0x0000000800000000)
  eden space 31232K, 100% used [0x00000007ab300000,0x00000007ad180000,0x00000007ad180000)
  from space 512K, 40% used [0x00000007ad200000,0x00000007ad234340,0x00000007ad280000)
  to   space 512K, 0% used [0x00000007ad280000,0x00000007ad280000,0x00000007ad300000)
 ParOldGen       total 173568K, used 69040K [0x0000000701a00000, 0x000000070c380000, 0x00000007ab300000)
  object space 173568K, 39% used [0x0000000701a00000,0x0000000705d6c3e0,0x000000070c380000)
 PSPermGen       total 21504K, used 11471K [0x00000006fc800000, 0x00000006fdd00000, 0x0000000701a00000)
  object space 21504K, 53% used [0x00000006fc800000,0x00000006fd333db0,0x00000006fdd00000)
Event: 1746.589 GC heap after
Heap after GC invocations=962 (full 0):
 PSYoungGen      total 31744K, used 96K [0x00000007ab300000, 0x00000007ad300000, 0x0000000800000000)
  eden space 31232K, 0% used [0x00000007ab300000,0x00000007ab300000,0x00000007ad180000)
  from space 512K, 18% used [0x00000007ad280000,0x00000007ad298000,0x00000007ad300000)
  to   space 512K, 0% used [0x00000007ad200000,0x00000007ad200000,0x00000007ad280000)
 ParOldGen       total 173568K, used 69177K [0x0000000701a00000, 0x000000070c380000, 0x00000007ab300000)
  object space 173568K, 39% used [0x0000000701a00000,0x0000000705d8e720,0x000000070c380000)
 PSPermGen       total 21504K, used 11471K [0x00000006fc800000, 0x00000006fdd00000, 0x0000000701a00000)
  object space 21504K, 53% used [0x00000006fc800000,0x00000006fd333db0,0x00000006fdd00000)
}

Deoptimization events (10 events):
Event: 5.040 Thread 0x00000000113b4000 Uncommon trap: reason=unstable_if action=reinterpret pc=0x0000000002af4460 method=java.lang.CharacterData.of(I)Ljava/lang/CharacterData; @ 4
Event: 5.066 Thread 0x00000000113b4000 Uncommon trap: reason=predicate action=maybe_recompile pc=0x0000000002aec088 method=java.util.ArrayList.indexOf(Ljava/lang/Object;)I @ 44
Event: 5.423 Thread 0x00000000113b4000 Uncommon trap: reason=unstable_if action=reinterpret pc=0x0000000002b3aa7c method=sun.font.TrueTypeFont.initNames()V @ 168
Event: 5.537 Thread 0x00000000113b4000 Uncommon trap: reason=unstable_if action=reinterpret pc=0x0000000002b28e74 method=java.lang.Character.isSurrogate(C)Z @ 3
Event: 5.537 Thread 0x00000000113b4000 Uncommon trap: reason=unstable_if action=reinterpret pc=0x0000000002b20f30 method=java.lang.Character.isSurrogate(C)Z @ 3
Event: 5.537 Thread 0x00000000113b4000 Uncommon trap: reason=unstable_if action=reinterpret pc=0x0000000002b25628 method=java.lang.String.toLowerCase(Ljava/util/Locale;)Ljava/lang/String; @ 37
Event: 6.053 Thread 0x000000001f99e000 Uncommon trap: reason=bimorphic action=maybe_recompile pc=0x0000000002b2c98c method=java.lang.ThreadLocal.get()Ljava/lang/Object; @ 6
Event: 7.057 Thread 0x000000001f99e000 Uncommon trap: reason=bimorphic action=maybe_recompile pc=0x0000000002b2c98c method=java.lang.ThreadLocal.get()Ljava/lang/Object; @ 6
Event: 8.051 Thread 0x000000001f99e000 Uncommon trap: reason=bimorphic action=maybe_recompile pc=0x0000000002b2c98c method=java.lang.ThreadLocal.get()Ljava/lang/Object; @ 6
Event: 9.061 Thread 0x000000001f99e000 Uncommon trap: reason=bimorphic action=maybe_recompile pc=0x0000000002b2c98c method=java.lang.ThreadLocal.get()Ljava/lang/Object; @ 6

Internal exceptions (10 events):
Event: 1747.006 Thread 0x00000000113b4000 Threw 0x00000007ac2e7110 at C:\re\jdk7u80\2329\hotspot\src\share\vm\prims\jvm.cpp:1319
Event: 1747.007 Thread 0x00000000113b4000 Threw 0x00000007ac2e75b0 at C:\re\jdk7u80\2329\hotspot\src\share\vm\prims\jvm.cpp:1319
Event: 1747.007 Thread 0x00000000113b4000 Threw 0x00000007ac2e7f70 at C:\re\jdk7u80\2329\hotspot\src\share\vm\prims\jvm.cpp:1319
Event: 1747.008 Thread 0x00000000113b4000 Threw 0x00000007ac2f96e0 at C:\re\jdk7u80\2329\hotspot\src\share\vm\prims\jvm.cpp:1319
Event: 1747.008 Thread 0x00000000113b4000 Threw 0x00000007ac2f99d8 at C:\re\jdk7u80\2329\hotspot\src\share\vm\prims\jvm.cpp:1319
Event: 1747.008 Thread 0x00000000113b4000 Threw 0x00000007ac2fa398 at C:\re\jdk7u80\2329\hotspot\src\share\vm\prims\jvm.cpp:1319
Event: 1747.009 Thread 0x00000000113b4000 Threw 0x00000007ac30bae8 at C:\re\jdk7u80\2329\hotspot\src\share\vm\prims\jvm.cpp:1319
Event: 1747.009 Thread 0x00000000113b4000 Threw 0x00000007ac30bf20 at C:\re\jdk7u80\2329\hotspot\src\share\vm\prims\jvm.cpp:1319
Event: 1747.009 Thread 0x00000000113b4000 Threw 0x00000007ac30c8e0 at C:\re\jdk7u80\2329\hotspot\src\share\vm\prims\jvm.cpp:1319
Event: 1747.009 Thread 0x00000000113b4000 Threw 0x00000007ac31e030 at C:\re\jdk7u80\2329\hotspot\src\share\vm\prims\jvm.cpp:1319

Events (10 events):
Event: 1747.005 loading class 0x00000000029cf780
Event: 1747.005 loading class 0x00000000029cf780 done
Event: 1747.006 loading class 0x00000000029cf780
Event: 1747.006 loading class 0x00000000029cf780 done
Event: 1747.007 loading class 0x00000000029cf790
Event: 1747.007 loading class 0x00000000029cf790 done
Event: 1747.008 loading class 0x00000000029cf790
Event: 1747.008 loading class 0x00000000029cf790 done
Event: 1747.009 loading class 0x00000000029cf790
Event: 1747.009 loading class 0x00000000029cf790 done


Dynamic libraries:
0x00007ff6caa20000 - 0x00007ff6caa53000 	C:\Program Files\Java\jdk1.7.0_80\bin\javaw.exe
0x00007ffcbdac0000 - 0x00007ffcbdc90000 	C:\Windows\SYSTEM32\ntdll.dll
0x00007ffcbb950000 - 0x00007ffcbb9fc000 	C:\Windows\System32\KERNEL32.DLL
0x00007ffcb9eb0000 - 0x00007ffcba0cd000 	C:\Windows\System32\KERNELBASE.dll
0x00007ffcbb6a0000 - 0x00007ffcbb742000 	C:\Windows\System32\ADVAPI32.dll
0x00007ffcbba00000 - 0x00007ffcbba9e000 	C:\Windows\System32\msvcrt.dll
0x00007ffcbbaa0000 - 0x00007ffcbbaf9000 	C:\Windows\System32\sechost.dll
0x00007ffcbb820000 - 0x00007ffcbb941000 	C:\Windows\System32\RPCRT4.dll
0x00007ffcbc250000 - 0x00007ffcbc3b5000 	C:\Windows\System32\USER32.dll
0x00007ffcbae70000 - 0x00007ffcbae8e000 	C:\Windows\System32\win32u.dll
0x00007ffcbbb00000 - 0x00007ffcbbb34000 	C:\Windows\System32\GDI32.dll
0x00007ffcba920000 - 0x00007ffcbaaa1000 	C:\Windows\System32\gdi32full.dll
0x00007ffcaecf0000 - 0x00007ffcaef6a000 	C:\Windows\WinSxS\amd64_microsoft.windows.common-controls_6595b64144ccf1df_6.0.14393.2273_none_7de240fc83403786\COMCTL32.dll
0x00007ffcbbe20000 - 0x00007ffcbc0e8000 	C:\Windows\System32\combase.dll
0x00007ffcb9db0000 - 0x00007ffcb9ea5000 	C:\Windows\System32\ucrtbase.dll
0x00007ffcba0d0000 - 0x00007ffcba13a000 	C:\Windows\System32\bcryptPrimitives.dll
0x00007ffcbb7f0000 - 0x00007ffcbb81e000 	C:\Windows\System32\IMM32.DLL
0x00000000742d0000 - 0x00000000743a2000 	C:\Program Files\Java\jdk1.7.0_80\jre\bin\msvcr100.dll
0x0000000074570000 - 0x0000000074d49000 	C:\Program Files\Java\jdk1.7.0_80\jre\bin\server\jvm.dll
0x00007ffcbad40000 - 0x00007ffcbad63000 	C:\Windows\System32\WINMM.dll
0x00007ffcb9d30000 - 0x00007ffcb9d5b000 	C:\Windows\System32\WINMMBASE.dll
0x00007ffcba8d0000 - 0x00007ffcba912000 	C:\Windows\System32\cfgmgr32.dll
0x00007ffcbb130000 - 0x00007ffcbb138000 	C:\Windows\System32\PSAPI.DLL
0x00007ffcacc20000 - 0x00007ffcacc29000 	C:\Windows\SYSTEM32\WSOCK32.dll
0x00007ffcbc3c0000 - 0x00007ffcbc42a000 	C:\Windows\System32\WS2_32.dll
0x0000000074480000 - 0x000000007448f000 	C:\Program Files\Java\jdk1.7.0_80\jre\bin\verify.dll
0x0000000074450000 - 0x0000000074478000 	C:\Program Files\Java\jdk1.7.0_80\jre\bin\java.dll
0x0000000074430000 - 0x0000000074446000 	C:\Program Files\Java\jdk1.7.0_80\jre\bin\zip.dll
0x0000000180000000 - 0x000000018003e000 	D:\software\matlab\bin\win64\BuilderJABootstrap.dll
0x00000000025d0000 - 0x00000000025dc000 	D:\software\matlab\bin\win64\nativedl.dll
0x00007ffcaa8a0000 - 0x00007ffcaa946000 	C:\Windows\SYSTEM32\MSVCP120.dll
0x00007ffcaab50000 - 0x00007ffcaac3f000 	C:\Windows\SYSTEM32\MSVCR120.dll
0x00000000fe7f0000 - 0x00000000fe9fd000 	D:\software\matlab\bin\win64\libmwfl.dll
0x00007ffcbb250000 - 0x00007ffcbb26c000 	C:\Windows\System32\imagehlp.dll
0x00007ffcb9d60000 - 0x00007ffcb9dac000 	C:\Windows\System32\POWRPROF.dll
0x00000000fff00000 - 0x000000010002c000 	D:\software\matlab\bin\win64\libmwi18n.dll
0x00007ffcb2d50000 - 0x00007ffcb2d72000 	D:\software\matlab\bin\win64\boost_filesystem-vc120-mt-1_56.dll
0x00007ffcaf450000 - 0x00007ffcaf461000 	D:\software\matlab\bin\win64\boost_date_time-vc120-mt-1_56.dll
0x00007ffca2ee0000 - 0x00007ffca2f75000 	D:\software\matlab\bin\win64\boost_log-vc120-mt-1_56.dll
0x00007ffc9cc30000 - 0x00007ffc9cd34000 	D:\software\matlab\bin\win64\boost_regex-vc120-mt-1_56.dll
0x00007ffcaf120000 - 0x00007ffcaf163000 	D:\software\matlab\bin\win64\boost_serialization-vc120-mt-1_56.dll
0x00007ffcaf100000 - 0x00007ffcaf113000 	D:\software\matlab\bin\win64\boost_signals-vc120-mt-1_56.dll
0x00007ffcb3a00000 - 0x00007ffcb3a0a000 	D:\software\matlab\bin\win64\boost_system-vc120-mt-1_56.dll
0x00007ffcaf0a0000 - 0x00007ffcaf0be000 	D:\software\matlab\bin\win64\boost_thread-vc120-mt-1_56.dll
0x00000000ffef0000 - 0x00000000ffef9000 	D:\software\matlab\bin\win64\libmwresource_core.dll
0x00007ffcaa660000 - 0x00007ffcaa686000 	D:\software\matlab\bin\win64\LIBEXPAT.dll
0x00000000740f0000 - 0x00000000742c5000 	D:\software\matlab\bin\win64\icuin54.dll
0x0000000073f90000 - 0x00000000740e5000 	D:\software\matlab\bin\win64\icuuc54.dll
0x00007ffcb2c70000 - 0x00007ffcb2c7b000 	D:\software\matlab\bin\win64\boost_chrono-vc120-mt-1_56.dll
0x0000000011780000 - 0x0000000012fac000 	D:\software\matlab\bin\win64\icudt54.dll
0x0000000012fb0000 - 0x00000000132c1000 	D:\software\matlab\bin\win64\nativemcl.dll
0x00000000132d0000 - 0x0000000013395000 	D:\software\matlab\bin\win64\libut.dll
0x00007ffcbbce0000 - 0x00007ffcbbe18000 	C:\Windows\System32\ole32.dll
0x00007ffcbaf90000 - 0x00007ffcbb04f000 	C:\Windows\System32\OLEAUT32.dll
0x00007ffcbad70000 - 0x00007ffcbae0c000 	C:\Windows\System32\msvcp_win.dll
0x00000000133a0000 - 0x00000000134ec000 	D:\software\matlab\bin\win64\libmx.dll
0x00000000134f0000 - 0x0000000013a11000 	D:\software\matlab\bin\win64\libmwservices.dll
0x00007ffcbb140000 - 0x00007ffcbb23a000 	C:\Windows\System32\COMDLG32.dll
0x00007ffcbac90000 - 0x00007ffcbad39000 	C:\Windows\System32\shcore.dll
0x00007ffcbae90000 - 0x00007ffcbaee2000 	C:\Windows\System32\SHLWAPI.dll
0x00000000fd610000 - 0x00000000fdb31000 	D:\software\matlab\bin\win64\mlutil.dll
0x00007ffcbc430000 - 0x00007ffcbd935000 	C:\Windows\System32\SHELL32.dll
0x00007ffcba1f0000 - 0x00007ffcba8c9000 	C:\Windows\System32\windows.storage.dll
0x0000000013a20000 - 0x0000000013d34000 	D:\software\matlab\bin\win64\mclmcr.dll
0x00007ffcb9d10000 - 0x00007ffcb9d1f000 	C:\Windows\System32\kernel.appcore.dll
0x0000000013d40000 - 0x0000000013db5000 	D:\software\matlab\bin\win64\mclbase.dll
0x00007ffcb9cf0000 - 0x00007ffcb9d04000 	C:\Windows\System32\profapi.dll
0x00000000fd080000 - 0x00000000fd19e000 	D:\software\matlab\bin\win64\mcr.dll
0x00000000fafe0000 - 0x00000000fb17a000 	D:\software\matlab\bin\win64\jmi.dll
0x0000000013dc0000 - 0x0000000013dd9000 	D:\software\matlab\bin\win64\jproxy.dll
0x0000000013de0000 - 0x0000000013df9000 	D:\software\matlab\bin\win64\mcljmiutils.dll
0x0000000013e00000 - 0x0000000013e46000 	D:\software\matlab\bin\win64\dservices.dll
0x00007ffcaa220000 - 0x00007ffcaa25f000 	D:\software\matlab\bin\win64\tbb.dll
0x00007ffca73e0000 - 0x00007ffca7420000 	D:\software\matlab\bin\win64\tbbmalloc.dll
0x0000000073f70000 - 0x0000000073f87000 	D:\software\matlab\bin\win64\zlib1.dll
0x0000000013e50000 - 0x0000000013e66000 	D:\software\matlab\bin\win64\display_device.dll
0x0000000073f50000 - 0x0000000073f61000 	D:\software\matlab\bin\win64\icuio54.dll
0x00007ffcbb270000 - 0x00007ffcbb699000 	C:\Windows\System32\SETUPAPI.dll
0x00000000fe090000 - 0x00000000fe0df000 	D:\software\matlab\bin\win64\libmwregexp.dll
0x0000000013e70000 - 0x0000000014408000 	D:\software\matlab\bin\win64\mpath.dll
0x0000000014410000 - 0x000000001473b000 	D:\software\matlab\bin\win64\settingscore.dll
0x0000000014750000 - 0x0000000014b94000 	D:\software\matlab\bin\win64\libmwms.dll
0x00000000fd310000 - 0x00000000fd316000 	D:\software\matlab\bin\win64\libmwnativedisplay.dll
0x0000000014ba0000 - 0x0000000014bfc000 	D:\software\matlab\bin\win64\opccore.dll
0x00000000fd1e0000 - 0x00000000fd2f5000 	D:\software\matlab\bin\win64\opcmodel.dll
0x00000000fd1b0000 - 0x00000000fd1da000 	D:\software\matlab\bin\win64\opczippackage.dll
0x0000000014c00000 - 0x0000000014d87000 	D:\software\matlab\bin\win64\opcmwservices.dll
0x0000000014d90000 - 0x0000000014daa000 	D:\software\matlab\bin\win64\webproxy.dll
0x0000000014db0000 - 0x0000000014e09000 	D:\software\matlab\bin\win64\mcos.dll
0x00007ffcae6a0000 - 0x00007ffcae6b7000 	D:\software\matlab\bin\win64\boost_iostreams-vc120-mt-1_56.dll
0x0000000014e10000 - 0x0000000014ef2000 	D:\software\matlab\bin\win64\CppMicroServices.dll
0x00007ffc89e10000 - 0x00007ffc89ffe000 	D:\software\matlab\bin\win64\PocoFoundation64.dll
0x00007ffc8b140000 - 0x00007ffc8b25f000 	D:\software\matlab\bin\win64\PocoNet64.dll
0x00007ffca6fe0000 - 0x00007ffca7029000 	D:\software\matlab\bin\win64\PocoNetSSL64.dll
0x00007ffca5090000 - 0x00007ffca50a8000 	C:\Windows\SYSTEM32\NETAPI32.dll
0x0000000014f50000 - 0x00000000151b0000 	D:\software\matlab\bin\win64\xerces-c_3_1.dll
0x00000000fa830000 - 0x00000000fab15000 	D:\software\matlab\bin\win64\mvm.dll
0x00000000f8530000 - 0x00000000f8605000 	D:\software\matlab\bin\win64\ctfpackage.dll
0x00000000f84f0000 - 0x00000000f84f9000 	D:\software\matlab\bin\win64\mcli18nutil.dll
0x00000000151c0000 - 0x00000000154b1000 	D:\software\matlab\bin\win64\m_interpreter.dll
0x00000000fc5e0000 - 0x00000000fc613000 	D:\software\matlab\bin\win64\libmex.dll
0x00000000f8500000 - 0x00000000f852c000 	D:\software\matlab\bin\win64\ctfdatainterfaces.dll
0x00000000154c0000 - 0x00000000154dc000 	D:\software\matlab\bin\win64\ctfrt.dll
0x00000000154e0000 - 0x0000000015649000 	D:\software\matlab\bin\win64\ctfrtcrypto.dll
0x0000000015650000 - 0x00000000157ab000 	D:\software\matlab\bin\win64\iqm.dll
0x00000000fb5f0000 - 0x00000000fb63d000 	D:\software\matlab\bin\win64\libmwbridge.dll
0x00000000157b0000 - 0x0000000015ebd000 	D:\software\matlab\bin\win64\m_parser.dll
0x0000000015ec0000 - 0x0000000015f92000 	D:\software\matlab\bin\win64\m_dispatcher.dll
0x0000000015fc0000 - 0x0000000017a5a000 	D:\software\matlab\bin\win64\m_lxe.dll
0x0000000015fa0000 - 0x0000000015fb4000 	D:\software\matlab\bin\win64\libmwpnpthread.dll
0x00000000fafd0000 - 0x00000000fafdf000 	D:\software\matlab\bin\win64\nativejava_services.dll
0x0000000017a60000 - 0x0000000017f3b000 	D:\software\matlab\bin\win64\libmwflstoragevfs.dll
0x0000000017f40000 - 0x0000000018122000 	D:\software\matlab\bin\win64\libmwflstorageprovider.dll
0x0000000018130000 - 0x0000000018198000 	D:\software\matlab\bin\win64\libmwstorageshlibstoragesys.dll
0x00000000fd590000 - 0x00000000fd609000 	D:\software\matlab\bin\win64\xmlcore.dll
0x0000000073f40000 - 0x0000000073f4f000 	D:\software\matlab\bin\win64\libminizip.dll
0x00000000181a0000 - 0x00000000183e1000 	D:\software\matlab\bin\win64\libmwflnetwork.dll
0x00007ffcb9590000 - 0x00007ffcb95ec000 	C:\Windows\SYSTEM32\MSWSOCK.dll
0x00007ffcb1850000 - 0x00007ffcb191c000 	C:\Windows\SYSTEM32\WINHTTP.dll
0x00007ffc89d30000 - 0x00007ffc89e04000 	D:\software\matlab\bin\win64\MSVCR110.dll
0x00007ffc99b70000 - 0x00007ffc99c17000 	D:\software\matlab\bin\win64\MSVCP110.dll
0x00007ffcb9310000 - 0x00007ffcb9348000 	C:\Windows\SYSTEM32\IPHLPAPI.DLL
0x00007ffc89ba0000 - 0x00007ffc89d29000 	D:\software\matlab\bin\win64\LIBEAY32.dll
0x00007ffca0250000 - 0x00007ffca02a9000 	D:\software\matlab\bin\win64\SSLEAY32.dll
0x00007ffca9540000 - 0x00007ffca956b000 	D:\software\matlab\bin\win64\PocoCrypto64.dll
0x00007ffc8a870000 - 0x00007ffc8a8f3000 	D:\software\matlab\bin\win64\PocoUtil64.dll
0x00000000f8480000 - 0x00000000f84d2000 	D:\software\matlab\bin\win64\xsd_binder.dll
0x0000000018410000 - 0x000000001847b000 	D:\software\matlab\bin\win64\m_ir.dll

VM Arguments:
jvm_args: -Dfile.encoding=GBK 
java_command: transLB.LCalculate
Launcher Type: SUN_STANDARD

Environment Variables:
JAVA_HOME=C:\Program Files\Java\jdk1.7.0_80
PATH=D:\software\matlab\bin\win64;C:\Program Files\Java\jdk1.7.0_80\bin\..\jre\bin\server;C:\Program Files\Java\jdk1.7.0_80\bin\..\jre\bin;C:\Program Files\Java\jdk1.7.0_80\bin\..\jre\lib\amd64;C:\Program Files\Java\jdk1.7.0_80\bin;C:\Program Files (x86)\Common Files\Oracle\Java\javapath;C:\Windows\system32;C:\Windows;C:\Windows\System32\Wbem;C:\Windows\System32\WindowsPowerShell\v1.0\;C:\Program Files\Intel\WiFi\bin\;C:\Program Files\Common Files\Intel\WirelessCommon\;C:\Applications\apache-maven-3.5.0\bin;C:\Python35;C:\Python35\Scripts;D:\software\matlab\runtime\win64;D:\software\matlab\bin;D:\software\matlab\polyspace\bin;C:\Users\Administrator\AppData\Local\Microsoft\WindowsApps;D:\software\eclipse\eclipse-java-luna-SR1-win32-x86_64\eclipse
USERNAME=Administrator
OS=Windows_NT
PROCESSOR_IDENTIFIER=Intel64 Family 6 Model 61 Stepping 4, GenuineIntel



---------------  S Y S T E M  ---------------

OS: Windows 8.1 , 64 bit Build 9600 

CPU:total 4 (2 cores per cpu, 2 threads per core) family 6 model 61 stepping 4, cmov, cx8, fxsr, mmx, sse, sse2, sse3, ssse3, sse4.1, sse4.2, popcnt, avx, avx2, aes, erms, ht, tsc, tscinvbit

Memory: 4k page, physical 16666156k(612500k free), swap 36054440k(21128k free)

vm_info: Java HotSpot(TM) 64-Bit Server VM (24.80-b11) for windows-amd64 JRE (1.7.0_80-b15), built on Apr 10 2015 11:26:34 by "java_re" with unknown MS VC++:1600

time: Mon Sep 17 13:19:11 2018
elapsed time: 1748 seconds

