#
# A fatal error has been detected by the Java Runtime Environment:
#
#  EXCEPTION_UNCAUGHT_CXX_EXCEPTION (0xe06d7363) at pc=0x00007ffcb9ee3c58, pid=2196, tid=9180
#
# JRE version: Java(TM) SE Runtime Environment (7.0_80-b15) (build 1.7.0_80-b15)
# Java VM: Java HotSpot(TM) 64-Bit Server VM (24.80-b11 mixed mode windows-amd64 compressed oops)
# Problematic frame:
# C  [KERNELBASE.dll+0x33c58]
#
# Failed to write core dump. Minidumps are not enabled by default on client versions of Windows
#
# If you would like to submit a bug report, please visit:
#   http://bugreport.java.com/bugreport/crash.jsp
# The crash happened outside the Java Virtual Machine in native code.
# See problematic frame for where to report the bug.
#

---------------  T H R E A D  ---------------

Current thread (0x000000000099d800):  JavaThread "main" [_thread_in_native, id=9180, stack(0x0000000002930000,0x0000000002a30000)]

siginfo: ExceptionCode=0xe06d7363, ExceptionInformation=0x0000000019930520 0x0000000002a2d240 0x00000000fd90c880 0x00000000fd610000 

Registers:
RAX=0x0000000002a2ce80, RBX=0x00000000fd90c880, RCX=0x00000000fd826e50, RDX=0x00007ffcaabb6a57
RSP=0x0000000002a2d0d0, RBP=0x0000000002a2d210, RSI=0x0000000002a2d530, RDI=0x0000000002a2d240
R8 =0x00007ffcaabb6967, R9 =0x0000000000000030, R10=0x0000000002a2ce80, R11=0x0000000800000000
R12=0x0000000000000000, R13=0x0000000002a2dea0, R14=0x0000000002a2d9d0, R15=0x0000000002a2d918
RIP=0x00007ffcb9ee3c58, EFLAGS=0x0000000000000202

Top of Stack: (sp=0x0000000002a2d0d0)
0x0000000002a2d0d0:   000000080000023a 00000000fd90c880
0x0000000002a2d0e0:   0000000002a2d530 0000000002a2d240
0x0000000002a2d0f0:   00000001e06d7363 0000000000000000
0x0000000002a2d100:   00007ffcb9ee3c58 0000000000000004
0x0000000002a2d110:   0000000019930520 0000000002a2d240
0x0000000002a2d120:   00000000fd90c880 00000000fd610000
0x0000000002a2d130:   0000000002a2dea0 0000000000000000
0x0000000002a2d140:   0000000002a2d240 0000000002a2d530
0x0000000002a2d150:   0000000002a2d210 00007ffcbdb0267f
0x0000000002a2d160:   0000000002a2d220 0000000000000000
0x0000000002a2d170:   0000000002a2d270 00007ffcaabad2b9
0x0000000002a2d180:   00000000fdaf3000 00000000fd610000
0x0000000002a2d190:   00008c1d04c4c31b 0000000018af6e20
0x0000000002a2d1a0:   00000000fd90c880 00007ffcaabaef63
0x0000000002a2d1b0:   0000000002a2d270 00000006d4d6f010
0x0000000002a2d1c0:   fffffffffffffffe 0000000002a2d3c8 

Instructions: (pc=0x00007ffcb9ee3c58)
0x00007ffcb9ee3c38:   49 8b d1 44 0f 47 c0 44 89 44 24 38 49 c1 e0 03
0x00007ffcb9ee3c48:   e8 07 91 04 00 48 8d 4c 24 20 ff 15 a0 45 11 00
0x00007ffcb9ee3c58:   48 8b 8c 24 c0 00 00 00 48 33 cc e8 98 56 04 00
0x00007ffcb9ee3c68:   48 81 c4 d8 00 00 00 c3 83 64 24 38 00 eb d6 cc 


Register to memory mapping:

RAX=0x0000000002a2ce80 is pointing into the stack for thread: 0x000000000099d800
RBX=0x00000000fd90c880 is an unknown value
RCX=0x00000000fd826e50 is an unknown value
RDX=0x00007ffcaabb6a57 is an unknown value
RSP=0x0000000002a2d0d0 is pointing into the stack for thread: 0x000000000099d800
RBP=0x0000000002a2d210 is pointing into the stack for thread: 0x000000000099d800
RSI=0x0000000002a2d530 is pointing into the stack for thread: 0x000000000099d800
RDI=0x0000000002a2d240 is pointing into the stack for thread: 0x000000000099d800
R8 =0x00007ffcaabb6967 is an unknown value
R9 =0x0000000000000030 is an unknown value
R10=0x0000000002a2ce80 is pointing into the stack for thread: 0x000000000099d800
R11=0x0000000800000000 is an unknown value
R12=0x0000000000000000 is an unknown value
R13=0x0000000002a2dea0 is pointing into the stack for thread: 0x000000000099d800
R14=0x0000000002a2d9d0 is pointing into the stack for thread: 0x000000000099d800
R15=0x0000000002a2d918 is pointing into the stack for thread: 0x000000000099d800


Stack: [0x0000000002930000,0x0000000002a30000],  sp=0x0000000002a2d0d0,  free space=1012k
Native frames: (J=compiled Java code, j=interpreted, Vv=VM code, C=native code)
C  [KERNELBASE.dll+0x33c58]

Java frames: (J=compiled Java code, j=interpreted, Vv=VM code)
j  com.mathworks.toolbox.javabuilder.internal.MWMCR.mclInitializeComponentInstance(ZLjava/lang/String;Ljava/lang/String;Ljava/lang/String;Ljava/io/InputStream;ILjava/util/concurrent/Callable;Ljava/util/concurrent/Callable;)Lcom/mathworks/toolbox/javabuilder/internal/NativePtr;+0
j  com.mathworks.toolbox.javabuilder.internal.MWMCR.access$700(ZLjava/lang/String;Ljava/lang/String;Ljava/lang/String;Ljava/io/InputStream;ILjava/util/concurrent/Callable;Ljava/util/concurrent/Callable;)Lcom/mathworks/toolbox/javabuilder/internal/NativePtr;+12
j  com.mathworks.toolbox.javabuilder.internal.MWMCR$6.mclInitializeComponentInstance(ZLjava/lang/String;Ljava/lang/String;Ljava/lang/String;Ljava/io/InputStream;ILjava/util/concurrent/Callable;Ljava/util/concurrent/Callable;)Lcom/mathworks/toolbox/javabuilder/internal/NativePtr;+13
j  sun.reflect.GeneratedMethodAccessor5.invoke(Ljava/lang/Object;[Ljava/lang/Object;)Ljava/lang/Object;+193
J 275 C2 sun.reflect.DelegatingMethodAccessorImpl.invoke(Ljava/lang/Object;[Ljava/lang/Object;)Ljava/lang/Object; (10 bytes) @ 0x0000000002f8ee40 [0x0000000002f8ed60+0xe0]
j  java.lang.reflect.Method.invoke(Ljava/lang/Object;[Ljava/lang/Object;)Ljava/lang/Object;+57
j  com.mathworks.toolbox.javabuilder.internal.MWMCR$5.invoke(Ljava/lang/Object;Ljava/lang/reflect/Method;[Ljava/lang/Object;)Ljava/lang/Object;+8
j  com.sun.proxy.$Proxy0.mclInitializeComponentInstance(ZLjava/lang/String;Ljava/lang/String;Ljava/lang/String;Ljava/io/InputStream;ILjava/util/concurrent/Callable;Ljava/util/concurrent/Callable;)Lcom/mathworks/toolbox/javabuilder/internal/NativePtr;+58
j  com.mathworks.toolbox.javabuilder.internal.MWMCR.newInstance(Lcom/mathworks/toolbox/javabuilder/MWComponentOptions;Ljava/lang/Class;Ljava/lang/String;Ljava/lang/String;[I)Lcom/mathworks/toolbox/javabuilder/internal/MWMCR;+682
j  IGRF.IGRFMCRFactory.newInstance(Lcom/mathworks/toolbox/javabuilder/MWComponentOptions;)Lcom/mathworks/toolbox/javabuilder/internal/MWMCR;+51
j  IGRF.IGRFMCRFactory.newInstance()Lcom/mathworks/toolbox/javabuilder/internal/MWMCR;+3
j  IGRF.Igrf.<init>()V+1
j  transLB.LCalculate.<init>(DFFFLjava/lang/String;)V+271
j  transLB.LCalculate.main([Ljava/lang/String;)V+16
v  ~StubRoutines::call_stub

---------------  P R O C E S S  ---------------

Java Threads: ( => current thread )
  0x000000001f1fa000 JavaThread "EventMgr Dispatcher" daemon [_thread_in_native, id=7012, stack(0x000000001faa0000,0x000000001fba0000)]
  0x0000000011849000 JavaThread "MATLAB Compiler Runtime" daemon [_thread_in_native, id=8836, stack(0x0000000019d40000,0x000000001a540000)]
  0x0000000011881000 JavaThread "AWT-Windows" daemon [_thread_in_native, id=8496, stack(0x00000000193b0000,0x00000000194b0000)]
  0x000000001187f800 JavaThread "Java2D Disposer" daemon [_thread_blocked, id=8280, stack(0x0000000018c20000,0x0000000018d20000)]
  0x000000000fd06000 JavaThread "Service Thread" daemon [_thread_blocked, id=8220, stack(0x0000000011470000,0x0000000011570000)]
  0x000000000fceb000 JavaThread "C2 CompilerThread1" daemon [_thread_blocked, id=5436, stack(0x0000000011370000,0x0000000011470000)]
  0x000000000fce9800 JavaThread "C2 CompilerThread0" daemon [_thread_blocked, id=7384, stack(0x0000000011270000,0x0000000011370000)]
  0x000000000fd03000 JavaThread "Attach Listener" daemon [_thread_blocked, id=6176, stack(0x0000000011170000,0x0000000011270000)]
  0x000000000fd01800 JavaThread "Signal Dispatcher" daemon [_thread_blocked, id=8908, stack(0x0000000011070000,0x0000000011170000)]
  0x000000000fcae800 JavaThread "Finalizer" daemon [_thread_blocked, id=8112, stack(0x0000000010f70000,0x0000000011070000)]
  0x000000000fca5800 JavaThread "Reference Handler" daemon [_thread_blocked, id=6320, stack(0x0000000010e70000,0x0000000010f70000)]
=>0x000000000099d800 JavaThread "main" [_thread_in_native, id=9180, stack(0x0000000002930000,0x0000000002a30000)]

Other Threads:
  0x000000000fca1000 VMThread [stack: 0x0000000010d70000,0x0000000010e70000] [id=8392]
  0x000000000fd20000 WatcherThread [stack: 0x0000000011570000,0x0000000011670000] [id=8176]

VM state:not at safepoint (normal execution)

VM Mutex/Monitor currently owned by a thread: None

Heap
 PSYoungGen      total 31744K, used 5880K [0x00000007ab300000, 0x00000007ad300000, 0x0000000800000000)
  eden space 31232K, 18% used [0x00000007ab300000,0x00000007ab8a60d0,0x00000007ad180000)
  from space 512K, 18% used [0x00000007ad200000,0x00000007ad218000,0x00000007ad280000)
  to   space 512K, 0% used [0x00000007ad280000,0x00000007ad280000,0x00000007ad300000)
 ParOldGen       total 173568K, used 79456K [0x0000000701a00000, 0x000000070c380000, 0x00000007ab300000)
  object space 173568K, 45% used [0x0000000701a00000,0x0000000706798148,0x000000070c380000)
 PSPermGen       total 21504K, used 11473K [0x00000006fc800000, 0x00000006fdd00000, 0x0000000701a00000)
  object space 21504K, 53% used [0x00000006fc800000,0x00000006fd334430,0x00000006fdd00000)

Card table byte_map: [0x0000000005f80000,0x00000000067a0000] byte_map_base: 0x000000000279c000

Polling page: 0x0000000000ed0000

Code Cache  [0x0000000002ec0000, 0x0000000003130000, 0x0000000005ec0000)
 total_blobs=698 nmethods=247 adapters=403 free_code_cache=48062Kb largest_free_block=49131776

Compilation events (10 events):
Event: 343.511 Thread 0x000000000fce9800  277             java.lang.Class::searchFields (41 bytes)
Event: 343.515 Thread 0x000000000fce9800 nmethod 277 0x0000000002f4a490 code [0x0000000002f4a620, 0x0000000002f4a978]
Event: 374.899 Thread 0x000000000fceb000  278             java.lang.Class::copyFields (36 bytes)
Event: 374.904 Thread 0x000000000fceb000 nmethod 278 0x0000000002f83890 code [0x0000000002f83a20, 0x0000000002f83e68]
Event: 638.729 Thread 0x000000000fce9800  279   !         sun.misc.FloatingDecimal::readJavaFormatString (856 bytes)
Event: 638.741 Thread 0x000000000fce9800 nmethod 279 0x0000000002fd4d10 code [0x0000000002fd4ea0, 0x0000000002fd5788]
Event: 661.316 Thread 0x000000000fceb000  280             java.util.Hashtable::rehash (168 bytes)
Event: 661.319 Thread 0x000000000fceb000 nmethod 280 0x0000000002f49e10 code [0x0000000002f49f80, 0x0000000002f4a2a8]
Event: 746.298 Thread 0x000000000fce9800  281             com.mathworks.toolbox.javabuilder.MWClassID::valueOf (38 bytes)
Event: 746.300 Thread 0x000000000fce9800 nmethod 281 0x0000000002fd4950 code [0x0000000002fd4a80, 0x0000000002fd4b78]

GC Heap History (10 events):
Event: 787.095 GC heap before
{Heap before GC invocations=909 (full 0):
 PSYoungGen      total 31744K, used 31360K [0x00000007ab300000, 0x00000007ad300000, 0x0000000800000000)
  eden space 31232K, 100% used [0x00000007ab300000,0x00000007ad180000,0x00000007ad180000)
  from space 512K, 25% used [0x00000007ad280000,0x00000007ad2a0000,0x00000007ad300000)
  to   space 512K, 0% used [0x00000007ad200000,0x00000007ad200000,0x00000007ad280000)
 ParOldGen       total 173568K, used 79062K [0x0000000701a00000, 0x000000070c380000, 0x00000007ab300000)
  object space 173568K, 45% used [0x0000000701a00000,0x0000000706735928,0x000000070c380000)
 PSPermGen       total 21504K, used 11473K [0x00000006fc800000, 0x00000006fdd00000, 0x0000000701a00000)
  object space 21504K, 53% used [0x00000006fc800000,0x00000006fd334430,0x00000006fdd00000)
Event: 787.096 GC heap after
Heap after GC invocations=909 (full 0):
 PSYoungGen      total 31744K, used 152K [0x00000007ab300000, 0x00000007ad300000, 0x0000000800000000)
  eden space 31232K, 0% used [0x00000007ab300000,0x00000007ab300000,0x00000007ad180000)
  from space 512K, 29% used [0x00000007ad200000,0x00000007ad2261a0,0x00000007ad280000)
  to   space 512K, 0% used [0x00000007ad280000,0x00000007ad280000,0x00000007ad300000)
 ParOldGen       total 173568K, used 79078K [0x0000000701a00000, 0x000000070c380000, 0x00000007ab300000)
  object space 173568K, 45% used [0x0000000701a00000,0x0000000706739928,0x000000070c380000)
 PSPermGen       total 21504K, used 11473K [0x00000006fc800000, 0x00000006fdd00000, 0x0000000701a00000)
  object space 21504K, 53% used [0x00000006fc800000,0x00000006fd334430,0x00000006fdd00000)
}
Event: 788.446 GC heap before
{Heap before GC invocations=910 (full 0):
 PSYoungGen      total 31744K, used 31384K [0x00000007ab300000, 0x00000007ad300000, 0x0000000800000000)
  eden space 31232K, 100% used [0x00000007ab300000,0x00000007ad180000,0x00000007ad180000)
  from space 512K, 29% used [0x00000007ad200000,0x00000007ad2261a0,0x00000007ad280000)
  to   space 512K, 0% used [0x00000007ad280000,0x00000007ad280000,0x00000007ad300000)
 ParOldGen       total 173568K, used 79078K [0x0000000701a00000, 0x000000070c380000, 0x00000007ab300000)
  object space 173568K, 45% used [0x0000000701a00000,0x0000000706739928,0x000000070c380000)
 PSPermGen       total 21504K, used 11473K [0x00000006fc800000, 0x00000006fdd00000, 0x0000000701a00000)
  object space 21504K, 53% used [0x00000006fc800000,0x00000006fd334430,0x00000006fdd00000)
Event: 788.447 GC heap after
Heap after GC invocations=910 (full 0):
 PSYoungGen      total 31744K, used 184K [0x00000007ab300000, 0x00000007ad300000, 0x0000000800000000)
  eden space 31232K, 0% used [0x00000007ab300000,0x00000007ab300000,0x00000007ad180000)
  from space 512K, 36% used [0x00000007ad280000,0x00000007ad2ae1a0,0x00000007ad300000)
  to   space 512K, 0% used [0x00000007ad200000,0x00000007ad200000,0x00000007ad280000)
 ParOldGen       total 173568K, used 79215K [0x0000000701a00000, 0x000000070c380000, 0x00000007ab300000)
  object space 173568K, 45% used [0x0000000701a00000,0x000000070675bc68,0x000000070c380000)
 PSPermGen       total 21504K, used 11473K [0x00000006fc800000, 0x00000006fdd00000, 0x0000000701a00000)
  object space 21504K, 53% used [0x00000006fc800000,0x00000006fd334430,0x00000006fdd00000)
}
Event: 788.623 GC heap before
{Heap before GC invocations=911 (full 0):
 PSYoungGen      total 31744K, used 31416K [0x00000007ab300000, 0x00000007ad300000, 0x0000000800000000)
  eden space 31232K, 100% used [0x00000007ab300000,0x00000007ad180000,0x00000007ad180000)
  from space 512K, 36% used [0x00000007ad280000,0x00000007ad2ae1a0,0x00000007ad300000)
  to   space 512K, 0% used [0x00000007ad200000,0x00000007ad200000,0x00000007ad280000)
 ParOldGen       total 173568K, used 79215K [0x0000000701a00000, 0x000000070c380000, 0x00000007ab300000)
  object space 173568K, 45% used [0x0000000701a00000,0x000000070675bc68,0x000000070c380000)
 PSPermGen       total 21504K, used 11473K [0x00000006fc800000, 0x00000006fdd00000, 0x0000000701a00000)
  object space 21504K, 53% used [0x00000006fc800000,0x00000006fd334430,0x00000006fdd00000)
Event: 788.624 GC heap after
Heap after GC invocations=911 (full 0):
 PSYoungGen      total 31744K, used 96K [0x00000007ab300000, 0x00000007ad300000, 0x0000000800000000)
  eden space 31232K, 0% used [0x00000007ab300000,0x00000007ab300000,0x00000007ad180000)
  from space 512K, 18% used [0x00000007ad200000,0x00000007ad218000,0x00000007ad280000)
  to   space 512K, 0% used [0x00000007ad280000,0x00000007ad280000,0x00000007ad300000)
 ParOldGen       total 173568K, used 79351K [0x0000000701a00000, 0x000000070c380000, 0x00000007ab300000)
  object space 173568K, 45% used [0x0000000701a00000,0x000000070677dfa8,0x000000070c380000)
 PSPermGen       total 21504K, used 11473K [0x00000006fc800000, 0x00000006fdd00000, 0x0000000701a00000)
  object space 21504K, 53% used [0x00000006fc800000,0x00000006fd334430,0x00000006fdd00000)
}
Event: 790.028 GC heap before
{Heap before GC invocations=912 (full 0):
 PSYoungGen      total 31744K, used 31328K [0x00000007ab300000, 0x00000007ad300000, 0x0000000800000000)
  eden space 31232K, 100% used [0x00000007ab300000,0x00000007ad180000,0x00000007ad180000)
  from space 512K, 18% used [0x00000007ad200000,0x00000007ad218000,0x00000007ad280000)
  to   space 512K, 0% used [0x00000007ad280000,0x00000007ad280000,0x00000007ad300000)
 ParOldGen       total 173568K, used 79351K [0x0000000701a00000, 0x000000070c380000, 0x00000007ab300000)
  object space 173568K, 45% used [0x0000000701a00000,0x000000070677dfa8,0x000000070c380000)
 PSPermGen       total 21504K, used 11473K [0x00000006fc800000, 0x00000006fdd00000, 0x0000000701a00000)
  object space 21504K, 53% used [0x00000006fc800000,0x00000006fd334430,0x00000006fdd00000)
Event: 790.029 GC heap after
Heap after GC invocations=912 (full 0):
 PSYoungGen      total 31744K, used 152K [0x00000007ab300000, 0x00000007ad300000, 0x0000000800000000)
  eden space 31232K, 0% used [0x00000007ab300000,0x00000007ab300000,0x00000007ad180000)
  from space 512K, 29% used [0x00000007ad280000,0x00000007ad2a61a0,0x00000007ad300000)
  to   space 512K, 0% used [0x00000007ad200000,0x00000007ad200000,0x00000007ad280000)
 ParOldGen       total 173568K, used 79375K [0x0000000701a00000, 0x000000070c380000, 0x00000007ab300000)
  object space 173568K, 45% used [0x0000000701a00000,0x0000000706783fa8,0x000000070c380000)
 PSPermGen       total 21504K, used 11473K [0x00000006fc800000, 0x00000006fdd00000, 0x0000000701a00000)
  object space 21504K, 53% used [0x00000006fc800000,0x00000006fd334430,0x00000006fdd00000)
}
Event: 790.214 GC heap before
{Heap before GC invocations=913 (full 0):
 PSYoungGen      total 31744K, used 31384K [0x00000007ab300000, 0x00000007ad300000, 0x0000000800000000)
  eden space 31232K, 100% used [0x00000007ab300000,0x00000007ad180000,0x00000007ad180000)
  from space 512K, 29% used [0x00000007ad280000,0x00000007ad2a61a0,0x00000007ad300000)
  to   space 512K, 0% used [0x00000007ad200000,0x00000007ad200000,0x00000007ad280000)
 ParOldGen       total 173568K, used 79375K [0x0000000701a00000, 0x000000070c380000, 0x00000007ab300000)
  object space 173568K, 45% used [0x0000000701a00000,0x0000000706783fa8,0x000000070c380000)
 PSPermGen       total 21504K, used 11473K [0x00000006fc800000, 0x00000006fdd00000, 0x0000000701a00000)
  object space 21504K, 53% used [0x00000006fc800000,0x00000006fd334430,0x00000006fdd00000)
Event: 790.215 GC heap after
Heap after GC invocations=913 (full 0):
 PSYoungGen      total 31744K, used 96K [0x00000007ab300000, 0x00000007ad300000, 0x0000000800000000)
  eden space 31232K, 0% used [0x00000007ab300000,0x00000007ab300000,0x00000007ad180000)
  from space 512K, 18% used [0x00000007ad200000,0x00000007ad218000,0x00000007ad280000)
  to   space 512K, 0% used [0x00000007ad280000,0x00000007ad280000,0x00000007ad300000)
 ParOldGen       total 173568K, used 79456K [0x0000000701a00000, 0x000000070c380000, 0x00000007ab300000)
  object space 173568K, 45% used [0x0000000701a00000,0x0000000706798148,0x000000070c380000)
 PSPermGen       total 21504K, used 11473K [0x00000006fc800000, 0x00000006fdd00000, 0x0000000701a00000)
  object space 21504K, 53% used [0x00000006fc800000,0x00000006fd334430,0x00000006fdd00000)
}

Deoptimization events (10 events):
Event: 2.469 Thread 0x0000000011849000 Uncommon trap: reason=unstable_if action=reinterpret pc=0x0000000002f55020 method=java.lang.CharacterData.of(I)Ljava/lang/CharacterData; @ 4
Event: 2.482 Thread 0x0000000011849000 Uncommon trap: reason=predicate action=maybe_recompile pc=0x0000000002f4a148 method=java.util.ArrayList.indexOf(Ljava/lang/Object;)I @ 44
Event: 2.663 Thread 0x0000000011849000 Uncommon trap: reason=unstable_if action=reinterpret pc=0x0000000002f9a4bc method=sun.font.TrueTypeFont.initNames()V @ 168
Event: 2.728 Thread 0x0000000011849000 Uncommon trap: reason=unstable_if action=reinterpret pc=0x0000000002f8ee34 method=java.lang.Character.isSurrogate(C)Z @ 3
Event: 2.728 Thread 0x0000000011849000 Uncommon trap: reason=unstable_if action=reinterpret pc=0x0000000002f8deb0 method=java.lang.Character.isSurrogate(C)Z @ 3
Event: 2.728 Thread 0x0000000011849000 Uncommon trap: reason=unstable_if action=reinterpret pc=0x0000000002f836a8 method=java.lang.String.toLowerCase(Ljava/util/Locale;)Ljava/lang/String; @ 37
Event: 2.946 Thread 0x000000001fd98800 Uncommon trap: reason=bimorphic action=maybe_recompile pc=0x0000000002f9693c method=java.lang.ThreadLocal.get()Ljava/lang/Object; @ 6
Event: 3.957 Thread 0x000000001fd98800 Uncommon trap: reason=bimorphic action=maybe_recompile pc=0x0000000002f9693c method=java.lang.ThreadLocal.get()Ljava/lang/Object; @ 6
Event: 4.958 Thread 0x000000001fd98800 Uncommon trap: reason=bimorphic action=maybe_recompile pc=0x0000000002f9693c method=java.lang.ThreadLocal.get()Ljava/lang/Object; @ 6
Event: 5.963 Thread 0x000000001fd98800 Uncommon trap: reason=bimorphic action=maybe_recompile pc=0x0000000002f9693c method=java.lang.ThreadLocal.get()Ljava/lang/Object; @ 6

Internal exceptions (10 events):
Event: 790.297 Thread 0x0000000011849000 Threw 0x00000007ab7bb260 at C:\re\jdk7u80\2329\hotspot\src\share\vm\prims\jvm.cpp:1319
Event: 790.298 Thread 0x0000000011849000 Threw 0x00000007ab7bb700 at C:\re\jdk7u80\2329\hotspot\src\share\vm\prims\jvm.cpp:1319
Event: 790.298 Thread 0x0000000011849000 Threw 0x00000007ab7bc0c0 at C:\re\jdk7u80\2329\hotspot\src\share\vm\prims\jvm.cpp:1319
Event: 790.298 Thread 0x0000000011849000 Threw 0x00000007ab7cd810 at C:\re\jdk7u80\2329\hotspot\src\share\vm\prims\jvm.cpp:1319
Event: 790.298 Thread 0x0000000011849000 Threw 0x00000007ab7cdb08 at C:\re\jdk7u80\2329\hotspot\src\share\vm\prims\jvm.cpp:1319
Event: 790.298 Thread 0x0000000011849000 Threw 0x00000007ab7ce4c8 at C:\re\jdk7u80\2329\hotspot\src\share\vm\prims\jvm.cpp:1319
Event: 790.298 Thread 0x0000000011849000 Threw 0x00000007ab7dfc18 at C:\re\jdk7u80\2329\hotspot\src\share\vm\prims\jvm.cpp:1319
Event: 790.298 Thread 0x0000000011849000 Threw 0x00000007ab7e0050 at C:\re\jdk7u80\2329\hotspot\src\share\vm\prims\jvm.cpp:1319
Event: 790.298 Thread 0x0000000011849000 Threw 0x00000007ab7e0a10 at C:\re\jdk7u80\2329\hotspot\src\share\vm\prims\jvm.cpp:1319
Event: 790.299 Thread 0x0000000011849000 Threw 0x00000007ab7f2188 at C:\re\jdk7u80\2329\hotspot\src\share\vm\prims\jvm.cpp:1319

Events (10 events):
Event: 790.297 loading class 0x0000000002e2fa50
Event: 790.297 loading class 0x0000000002e2fa50 done
Event: 790.297 loading class 0x0000000002e2fa50
Event: 790.297 loading class 0x0000000002e2fa50 done
Event: 790.298 loading class 0x0000000002e2fa60
Event: 790.298 loading class 0x0000000002e2fa60 done
Event: 790.298 loading class 0x0000000002e2fa60
Event: 790.298 loading class 0x0000000002e2fa60 done
Event: 790.298 loading class 0x0000000002e2fa60
Event: 790.298 loading class 0x0000000002e2fa60 done


Dynamic libraries:
0x00007ff6caa20000 - 0x00007ff6caa53000 	C:\Program Files\Java\jdk1.7.0_80\bin\javaw.exe
0x00007ffcbdac0000 - 0x00007ffcbdc90000 	C:\Windows\SYSTEM32\ntdll.dll
0x00007ffcbb950000 - 0x00007ffcbb9fc000 	C:\Windows\System32\KERNEL32.DLL
0x00007ffcb9eb0000 - 0x00007ffcba0cd000 	C:\Windows\System32\KERNELBASE.dll
0x00007ffcbb6a0000 - 0x00007ffcbb742000 	C:\Windows\System32\ADVAPI32.dll
0x00007ffcbba00000 - 0x00007ffcbba9e000 	C:\Windows\System32\msvcrt.dll
0x00007ffcbbaa0000 - 0x00007ffcbbaf9000 	C:\Windows\System32\sechost.dll
0x00007ffcbb820000 - 0x00007ffcbb941000 	C:\Windows\System32\RPCRT4.dll
0x00007ffcbc250000 - 0x00007ffcbc3b5000 	C:\Windows\System32\USER32.dll
0x00007ffcbae70000 - 0x00007ffcbae8e000 	C:\Windows\System32\win32u.dll
0x00007ffcbbb00000 - 0x00007ffcbbb34000 	C:\Windows\System32\GDI32.dll
0x00007ffcba920000 - 0x00007ffcbaaa1000 	C:\Windows\System32\gdi32full.dll
0x00007ffcaecf0000 - 0x00007ffcaef6a000 	C:\Windows\WinSxS\amd64_microsoft.windows.common-controls_6595b64144ccf1df_6.0.14393.2273_none_7de240fc83403786\COMCTL32.dll
0x00007ffcbbe20000 - 0x00007ffcbc0e8000 	C:\Windows\System32\combase.dll
0x00007ffcb9db0000 - 0x00007ffcb9ea5000 	C:\Windows\System32\ucrtbase.dll
0x00007ffcba0d0000 - 0x00007ffcba13a000 	C:\Windows\System32\bcryptPrimitives.dll
0x00007ffcbb7f0000 - 0x00007ffcbb81e000 	C:\Windows\System32\IMM32.DLL
0x00000000742e0000 - 0x00000000743b2000 	C:\Program Files\Java\jdk1.7.0_80\jre\bin\msvcr100.dll
0x0000000074570000 - 0x0000000074d49000 	C:\Program Files\Java\jdk1.7.0_80\jre\bin\server\jvm.dll
0x00007ffcbad40000 - 0x00007ffcbad63000 	C:\Windows\System32\WINMM.dll
0x00007ffcb9d30000 - 0x00007ffcb9d5b000 	C:\Windows\System32\WINMMBASE.dll
0x00007ffcba8d0000 - 0x00007ffcba912000 	C:\Windows\System32\cfgmgr32.dll
0x00007ffcacc20000 - 0x00007ffcacc29000 	C:\Windows\SYSTEM32\WSOCK32.dll
0x00007ffcbb130000 - 0x00007ffcbb138000 	C:\Windows\System32\PSAPI.DLL
0x00007ffcbc3c0000 - 0x00007ffcbc42a000 	C:\Windows\System32\WS2_32.dll
0x0000000074480000 - 0x000000007448f000 	C:\Program Files\Java\jdk1.7.0_80\jre\bin\verify.dll
0x0000000074450000 - 0x0000000074478000 	C:\Program Files\Java\jdk1.7.0_80\jre\bin\java.dll
0x0000000074430000 - 0x0000000074446000 	C:\Program Files\Java\jdk1.7.0_80\jre\bin\zip.dll
0x0000000180000000 - 0x000000018003e000 	D:\software\matlab\bin\win64\BuilderJABootstrap.dll
0x0000000002a50000 - 0x0000000002a5c000 	D:\software\matlab\bin\win64\nativedl.dll
0x00007ffcaab50000 - 0x00007ffcaac3f000 	C:\Windows\SYSTEM32\MSVCR120.dll
0x00007ffcaa8a0000 - 0x00007ffcaa946000 	C:\Windows\SYSTEM32\MSVCP120.dll
0x00000000fe7f0000 - 0x00000000fe9fd000 	D:\software\matlab\bin\win64\libmwfl.dll
0x00007ffcbb250000 - 0x00007ffcbb26c000 	C:\Windows\System32\imagehlp.dll
0x00007ffcb9d60000 - 0x00007ffcb9dac000 	C:\Windows\System32\POWRPROF.dll
0x00007ffcb3960000 - 0x00007ffcb3971000 	D:\software\matlab\bin\win64\boost_date_time-vc120-mt-1_56.dll
0x00007ffcb2d50000 - 0x00007ffcb2d72000 	D:\software\matlab\bin\win64\boost_filesystem-vc120-mt-1_56.dll
0x00000000fff00000 - 0x000000010002c000 	D:\software\matlab\bin\win64\libmwi18n.dll
0x00007ffca2ee0000 - 0x00007ffca2f75000 	D:\software\matlab\bin\win64\boost_log-vc120-mt-1_56.dll
0x00007ffca2730000 - 0x00007ffca2834000 	D:\software\matlab\bin\win64\boost_regex-vc120-mt-1_56.dll
0x00007ffcae100000 - 0x00007ffcae143000 	D:\software\matlab\bin\win64\boost_serialization-vc120-mt-1_56.dll
0x00007ffcaf450000 - 0x00007ffcaf463000 	D:\software\matlab\bin\win64\boost_signals-vc120-mt-1_56.dll
0x00007ffcb3a00000 - 0x00007ffcb3a0a000 	D:\software\matlab\bin\win64\boost_system-vc120-mt-1_56.dll
0x00007ffcae6a0000 - 0x00007ffcae6be000 	D:\software\matlab\bin\win64\boost_thread-vc120-mt-1_56.dll
0x00000000ffef0000 - 0x00000000ffef9000 	D:\software\matlab\bin\win64\libmwresource_core.dll
0x00007ffcaa660000 - 0x00007ffcaa686000 	D:\software\matlab\bin\win64\LIBEXPAT.dll
0x00000000740a0000 - 0x0000000074275000 	D:\software\matlab\bin\win64\icuin54.dll
0x0000000073f40000 - 0x0000000074095000 	D:\software\matlab\bin\win64\icuuc54.dll
0x00007ffcb1920000 - 0x00007ffcb192b000 	D:\software\matlab\bin\win64\boost_chrono-vc120-mt-1_56.dll
0x0000000011b20000 - 0x000000001334c000 	D:\software\matlab\bin\win64\icudt54.dll
0x0000000013350000 - 0x0000000013661000 	D:\software\matlab\bin\win64\nativemcl.dll
0x0000000013670000 - 0x0000000013735000 	D:\software\matlab\bin\win64\libut.dll
0x0000000013740000 - 0x000000001388c000 	D:\software\matlab\bin\win64\libmx.dll
0x0000000013890000 - 0x0000000013db1000 	D:\software\matlab\bin\win64\libmwservices.dll
0x00000000fd610000 - 0x00000000fdb31000 	D:\software\matlab\bin\win64\mlutil.dll
0x00007ffcbbce0000 - 0x00007ffcbbe18000 	C:\Windows\System32\ole32.dll
0x0000000013dc0000 - 0x00000000140d4000 	D:\software\matlab\bin\win64\mclmcr.dll
0x00007ffcbaf90000 - 0x00007ffcbb04f000 	C:\Windows\System32\OLEAUT32.dll
0x00000000140e0000 - 0x0000000014155000 	D:\software\matlab\bin\win64\mclbase.dll
0x00007ffcbad70000 - 0x00007ffcbae0c000 	C:\Windows\System32\msvcp_win.dll
0x00000000fd080000 - 0x00000000fd19e000 	D:\software\matlab\bin\win64\mcr.dll
0x00000000fafe0000 - 0x00000000fb17a000 	D:\software\matlab\bin\win64\jmi.dll
0x00007ffcbb140000 - 0x00007ffcbb23a000 	C:\Windows\System32\COMDLG32.dll
0x00007ffcbc430000 - 0x00007ffcbd935000 	C:\Windows\System32\SHELL32.dll
0x00007ffcbac90000 - 0x00007ffcbad39000 	C:\Windows\System32\shcore.dll
0x0000000014160000 - 0x0000000014179000 	D:\software\matlab\bin\win64\jproxy.dll
0x0000000014180000 - 0x00000000141c6000 	D:\software\matlab\bin\win64\dservices.dll
0x00007ffcbae90000 - 0x00007ffcbaee2000 	C:\Windows\System32\SHLWAPI.dll
0x00007ffcba1f0000 - 0x00007ffcba8c9000 	C:\Windows\System32\windows.storage.dll
0x00007ffcb9d10000 - 0x00007ffcb9d1f000 	C:\Windows\System32\kernel.appcore.dll
0x00007ffcb9cf0000 - 0x00007ffcb9d04000 	C:\Windows\System32\profapi.dll
0x00000000141d0000 - 0x00000000141e9000 	D:\software\matlab\bin\win64\mcljmiutils.dll
0x00000000fdd10000 - 0x00000000fe154000 	D:\software\matlab\bin\win64\libmwms.dll
0x00007ffcaa220000 - 0x00007ffcaa25f000 	D:\software\matlab\bin\win64\tbb.dll
0x0000000073f20000 - 0x0000000073f31000 	D:\software\matlab\bin\win64\icuio54.dll
0x0000000073f00000 - 0x0000000073f17000 	D:\software\matlab\bin\win64\zlib1.dll
0x00007ffca73e0000 - 0x00007ffca7420000 	D:\software\matlab\bin\win64\tbbmalloc.dll
0x00000000fa830000 - 0x00000000fab15000 	D:\software\matlab\bin\win64\mvm.dll
0x00000000f8530000 - 0x00000000f8605000 	D:\software\matlab\bin\win64\ctfpackage.dll
0x00000000f84f0000 - 0x00000000f84f9000 	D:\software\matlab\bin\win64\mcli18nutil.dll
0x0000000014200000 - 0x00000000144f1000 	D:\software\matlab\bin\win64\m_interpreter.dll
0x0000000014500000 - 0x00000000145e2000 	D:\software\matlab\bin\win64\CppMicroServices.dll
0x00000000145f0000 - 0x0000000014606000 	D:\software\matlab\bin\win64\display_device.dll
0x0000000014610000 - 0x000000001465f000 	D:\software\matlab\bin\win64\libmwregexp.dll
0x00007ffcbb270000 - 0x00007ffcbb699000 	C:\Windows\System32\SETUPAPI.dll
0x0000000014670000 - 0x0000000014c08000 	D:\software\matlab\bin\win64\mpath.dll
0x0000000014c10000 - 0x0000000014f3b000 	D:\software\matlab\bin\win64\settingscore.dll
0x0000000014f40000 - 0x0000000014f46000 	D:\software\matlab\bin\win64\libmwnativedisplay.dll
0x00000000fd2c0000 - 0x00000000fd31c000 	D:\software\matlab\bin\win64\opccore.dll
0x0000000014f50000 - 0x0000000015065000 	D:\software\matlab\bin\win64\opcmodel.dll
0x00000000fd1b0000 - 0x00000000fd1da000 	D:\software\matlab\bin\win64\opczippackage.dll
0x0000000015070000 - 0x00000000151f7000 	D:\software\matlab\bin\win64\opcmwservices.dll
0x0000000015200000 - 0x000000001521a000 	D:\software\matlab\bin\win64\webproxy.dll
0x0000000015220000 - 0x0000000015279000 	D:\software\matlab\bin\win64\mcos.dll
0x00007ffcad990000 - 0x00007ffcad9a7000 	D:\software\matlab\bin\win64\boost_iostreams-vc120-mt-1_56.dll
0x0000000015290000 - 0x00000000153eb000 	D:\software\matlab\bin\win64\iqm.dll
0x00000000fc5e0000 - 0x00000000fc613000 	D:\software\matlab\bin\win64\libmex.dll
0x00000000fb5f0000 - 0x00000000fb63d000 	D:\software\matlab\bin\win64\libmwbridge.dll
0x00000000f8500000 - 0x00000000f852c000 	D:\software\matlab\bin\win64\ctfdatainterfaces.dll
0x00000000153f0000 - 0x0000000015afd000 	D:\software\matlab\bin\win64\m_parser.dll
0x0000000015b00000 - 0x0000000015bd2000 	D:\software\matlab\bin\win64\m_dispatcher.dll
0x0000000015be0000 - 0x0000000015bfc000 	D:\software\matlab\bin\win64\ctfrt.dll
0x0000000015c00000 - 0x0000000015d69000 	D:\software\matlab\bin\win64\ctfrtcrypto.dll
0x0000000015d70000 - 0x000000001780a000 	D:\software\matlab\bin\win64\m_lxe.dll
0x0000000017810000 - 0x0000000017824000 	D:\software\matlab\bin\win64\libmwpnpthread.dll
0x00000000fafd0000 - 0x00000000fafdf000 	D:\software\matlab\bin\win64\nativejava_services.dll
0x00007ffca5090000 - 0x00007ffca50a8000 	C:\Windows\SYSTEM32\NETAPI32.dll
0x00007ffc9d290000 - 0x00007ffc9d47e000 	D:\software\matlab\bin\win64\PocoFoundation64.dll
0x00007ffc9cd10000 - 0x00007ffc9ce2f000 	D:\software\matlab\bin\win64\PocoNet64.dll
0x00007ffca6fe0000 - 0x00007ffca7029000 	D:\software\matlab\bin\win64\PocoNetSSL64.dll
0x0000000017860000 - 0x0000000017ac0000 	D:\software\matlab\bin\win64\xerces-c_3_1.dll
0x00007ffcb9590000 - 0x00007ffcb95ec000 	C:\Windows\SYSTEM32\MSWSOCK.dll
0x00000000f8480000 - 0x00000000f84d2000 	D:\software\matlab\bin\win64\xsd_binder.dll
0x00007ffc99b70000 - 0x00007ffc99c17000 	D:\software\matlab\bin\win64\MSVCP110.dll
0x00007ffc9cc30000 - 0x00007ffc9cd04000 	D:\software\matlab\bin\win64\MSVCR110.dll
0x0000000017ad0000 - 0x0000000017b3b000 	D:\software\matlab\bin\win64\m_ir.dll
0x0000000017b40000 - 0x000000001801b000 	D:\software\matlab\bin\win64\libmwflstoragevfs.dll
0x0000000018210000 - 0x0000000018278000 	D:\software\matlab\bin\win64\libmwstorageshlibstoragesys.dll
0x0000000018020000 - 0x0000000018202000 	D:\software\matlab\bin\win64\libmwflstorageprovider.dll
0x00000000fd590000 - 0x00000000fd609000 	D:\software\matlab\bin\win64\xmlcore.dll
0x0000000073ef0000 - 0x0000000073eff000 	D:\software\matlab\bin\win64\libminizip.dll
0x0000000018280000 - 0x00000000184c1000 	D:\software\matlab\bin\win64\libmwflnetwork.dll
0x00007ffcb1850000 - 0x00007ffcb191c000 	C:\Windows\SYSTEM32\WINHTTP.dll
0x00000000184e0000 - 0x00000000185cb000 	D:\software\matlab\bin\win64\udd.dll
0x00000000184d0000 - 0x00000000184da000 	D:\software\matlab\bin\win64\language_execution_interfaces.dll
0x00007ffcb9310000 - 0x00007ffcb9348000 	C:\Windows\SYSTEM32\IPHLPAPI.DLL
0x00007ffc88d10000 - 0x00007ffc88e99000 	D:\software\matlab\bin\win64\LIBEAY32.dll
0x00007ffca0250000 - 0x00007ffca02a9000 	D:\software\matlab\bin\win64\SSLEAY32.dll

VM Arguments:
jvm_args: -Dfile.encoding=GBK 
java_command: transLB.LCalculate
Launcher Type: SUN_STANDARD

Environment Variables:
JAVA_HOME=C:\Program Files\Java\jdk1.7.0_80
PATH=D:\software\matlab\bin\win64;C:\Program Files\Java\jdk1.7.0_80\bin\..\jre\bin\server;C:\Program Files\Java\jdk1.7.0_80\bin\..\jre\bin;C:\Program Files\Java\jdk1.7.0_80\bin\..\jre\lib\amd64;C:\Program Files\Java\jdk1.7.0_80\bin;C:\Program Files (x86)\Common Files\Oracle\Java\javapath;C:\Windows\system32;C:\Windows;C:\Windows\System32\Wbem;C:\Windows\System32\WindowsPowerShell\v1.0\;C:\Program Files\Intel\WiFi\bin\;C:\Program Files\Common Files\Intel\WirelessCommon\;C:\Applications\apache-maven-3.5.0\bin;C:\Python35;C:\Python35\Scripts;D:\software\matlab\runtime\win64;D:\software\matlab\bin;D:\software\matlab\polyspace\bin;C:\Users\Administrator\AppData\Local\Microsoft\WindowsApps;D:\software\eclipse\eclipse-java-luna-SR1-win32-x86_64\eclipse
USERNAME=Administrator
OS=Windows_NT
PROCESSOR_IDENTIFIER=Intel64 Family 6 Model 61 Stepping 4, GenuineIntel



---------------  S Y S T E M  ---------------

OS: Windows 8.1 , 64 bit Build 9600 

CPU:total 4 (2 cores per cpu, 2 threads per core) family 6 model 61 stepping 4, cmov, cx8, fxsr, mmx, sse, sse2, sse3, ssse3, sse4.1, sse4.2, popcnt, avx, avx2, aes, erms, ht, tsc, tscinvbit

Memory: 4k page, physical 16666156k(2898812k free), swap 36054440k(12472k free)

vm_info: Java HotSpot(TM) 64-Bit Server VM (24.80-b11) for windows-amd64 JRE (1.7.0_80-b15), built on Apr 10 2015 11:26:34 by "java_re" with unknown MS VC++:1600

time: Mon Sep 17 11:25:26 2018
elapsed time: 791 seconds

